<?xml version='1.0' encoding='UTF-8'?>
<!DOCTYPE coverage SYSTEM 'http://cobertura.sourceforge.net/xml/coverage-04.dtd'>
<coverage line-rate="0.9892021595680864" branch-rate="0.4830587503885608" lines-covered="1649" lines-valid="1667" branches-covered="3108" branches-valid="6434" complexity="0.0" timestamp="1618851210" version="gcovr 4.2"><sources><source>/vagrant</source></sources><packages><package name="" line-rate="0.9892021595680864" branch-rate="0.4830587503885608" complexity="0.0"><classes><class name="canvas_widget_cpp" filename="canvas_widget.cpp" line-rate="1.0" branch-rate="0.5" complexity="0.0"><methods/><lines><line number="9" hits="303" branch="true" condition-coverage="50% (1/2)"><conditions><condition number="0" type="jump" coverage="50%"/></conditions></line><line number="12" hits="303" branch="true" condition-coverage="50% (2/4)"><conditions><condition number="0" type="jump" coverage="50%"/></conditions></line><line number="14" hits="303" branch="true" condition-coverage="50% (2/4)"><conditions><condition number="0" type="jump" coverage="50%"/></conditions></line><line number="16" hits="303" branch="true" condition-coverage="50% (2/4)"><conditions><condition number="0" type="jump" coverage="50%"/></conditions></line><line number="18" hits="303" branch="true" condition-coverage="50% (2/4)"><conditions><condition number="0" type="jump" coverage="50%"/></conditions></line><line number="19" hits="303" branch="true" condition-coverage="50% (1/2)"><conditions><condition number="0" type="jump" coverage="50%"/></conditions></line><line number="21" hits="303" branch="true" condition-coverage="50% (1/2)"><conditions><condition number="0" type="jump" coverage="50%"/></conditions></line><line number="22" hits="303" branch="false"/><line number="24" hits="1519" branch="false"/><line number="29" hits="1519" branch="false"/><line number="30" hits="1519" branch="false"/></lines></class><class name="canvas_widget_hpp" filename="canvas_widget.hpp" line-rate="1.0" branch-rate="0.0" complexity="0.0"><methods/><lines><line number="9" hits="144" branch="false"/></lines></class><class name="environment_cpp" filename="environment.cpp" line-rate="1.0" branch-rate="0.6458333333333334" complexity="0.0"><methods/><lines><line number="10" hits="2463" branch="false"/><line number="20" hits="2463" branch="true" condition-coverage="50% (1/2)"><conditions><condition number="0" type="jump" coverage="50%"/></conditions></line><line number="30" hits="2463" branch="true" condition-coverage="50% (1/2)"><conditions><condition number="0" type="jump" coverage="50%"/></conditions></line><line number="31" hits="2463" branch="true" condition-coverage="50% (1/2)"><conditions><condition number="0" type="jump" coverage="50%"/></conditions></line><line number="32" hits="2463" branch="true" condition-coverage="50% (1/2)"><conditions><condition number="0" type="jump" coverage="50%"/></conditions></line><line number="33" hits="2463" branch="true" condition-coverage="50% (1/2)"><conditions><condition number="0" type="jump" coverage="50%"/></conditions></line><line number="34" hits="2463" branch="true" condition-coverage="50% (1/2)"><conditions><condition number="0" type="jump" coverage="50%"/></conditions></line><line number="35" hits="2463" branch="true" condition-coverage="50% (1/2)"><conditions><condition number="0" type="jump" coverage="50%"/></conditions></line><line number="39" hits="2463" branch="true" condition-coverage="50% (1/2)"><conditions><condition number="0" type="jump" coverage="50%"/></conditions></line><line number="40" hits="2463" branch="false"/><line number="42" hits="2463" branch="false"/><line number="44" hits="4926" branch="false"/><line number="46" hits="2463" branch="false"/><line number="47" hits="2463" branch="false"/><line number="48" hits="2463" branch="false"/><line number="49" hits="2463" branch="false"/><line number="51" hits="4926" branch="true" condition-coverage="50% (1/2)"><conditions><condition number="0" type="jump" coverage="50%"/></conditions></line><line number="52" hits="4926" branch="true" condition-coverage="50% (1/2)"><conditions><condition number="0" type="jump" coverage="50%"/></conditions></line><line number="53" hits="4926" branch="true" condition-coverage="50% (1/2)"><conditions><condition number="0" type="jump" coverage="50%"/></conditions></line><line number="54" hits="4926" branch="true" condition-coverage="50% (1/2)"><conditions><condition number="0" type="jump" coverage="50%"/></conditions></line><line number="56" hits="2463" branch="false"/><line number="57" hits="2463" branch="false"/><line number="58" hits="2463" branch="false"/><line number="59" hits="2463" branch="false"/><line number="61" hits="2463" branch="true" condition-coverage="50% (1/2)"><conditions><condition number="0" type="jump" coverage="50%"/></conditions></line><line number="62" hits="2463" branch="true" condition-coverage="50% (1/2)"><conditions><condition number="0" type="jump" coverage="50%"/></conditions></line><line number="63" hits="2463" branch="true" condition-coverage="50% (1/2)"><conditions><condition number="0" type="jump" coverage="50%"/></conditions></line><line number="64" hits="2463" branch="true" condition-coverage="50% (1/2)"><conditions><condition number="0" type="jump" coverage="50%"/></conditions></line><line number="65" hits="2463" branch="false"/><line number="67" hits="2463" branch="false"/><line number="69" hits="4926" branch="false"/><line number="73" hits="2463" branch="false"/><line number="74" hits="2463" branch="false"/><line number="75" hits="2463" branch="false"/><line number="76" hits="2463" branch="false"/><line number="77" hits="2463" branch="false"/><line number="78" hits="2463" branch="false"/><line number="80" hits="4926" branch="true" condition-coverage="50% (1/2)"><conditions><condition number="0" type="jump" coverage="50%"/></conditions></line><line number="81" hits="4926" branch="true" condition-coverage="50% (1/2)"><conditions><condition number="0" type="jump" coverage="50%"/></conditions></line><line number="82" hits="4926" branch="true" condition-coverage="50% (1/2)"><conditions><condition number="0" type="jump" coverage="50%"/></conditions></line><line number="86" hits="2463" branch="true" condition-coverage="50% (1/2)"><conditions><condition number="0" type="jump" coverage="50%"/></conditions></line><line number="87" hits="2463" branch="true" condition-coverage="50% (1/2)"><conditions><condition number="0" type="jump" coverage="50%"/></conditions></line><line number="88" hits="2463" branch="true" condition-coverage="50% (1/2)"><conditions><condition number="0" type="jump" coverage="50%"/></conditions></line><line number="89" hits="2463" branch="false"/><line number="91" hits="2463" branch="false"/><line number="93" hits="4926" branch="false"/><line number="95" hits="2463" branch="false"/><line number="96" hits="2463" branch="false"/><line number="97" hits="2463" branch="false"/><line number="98" hits="2463" branch="false"/><line number="99" hits="2463" branch="false"/><line number="100" hits="2463" branch="false"/><line number="101" hits="2463" branch="false"/><line number="102" hits="2463" branch="false"/><line number="103" hits="2463" branch="false"/><line number="104" hits="2463" branch="false"/><line number="106" hits="4926" branch="true" condition-coverage="50% (1/2)"><conditions><condition number="0" type="jump" coverage="50%"/></conditions></line><line number="107" hits="4926" branch="true" condition-coverage="50% (1/2)"><conditions><condition number="0" type="jump" coverage="50%"/></conditions></line><line number="108" hits="4926" branch="true" condition-coverage="50% (1/2)"><conditions><condition number="0" type="jump" coverage="50%"/></conditions></line><line number="109" hits="4926" branch="true" condition-coverage="50% (1/2)"><conditions><condition number="0" type="jump" coverage="50%"/></conditions></line><line number="110" hits="4926" branch="true" condition-coverage="50% (1/2)"><conditions><condition number="0" type="jump" coverage="50%"/></conditions></line><line number="112" hits="2463" branch="true" condition-coverage="50% (1/2)"><conditions><condition number="0" type="jump" coverage="50%"/></conditions></line><line number="113" hits="2463" branch="true" condition-coverage="50% (1/2)"><conditions><condition number="0" type="jump" coverage="50%"/></conditions></line><line number="114" hits="2463" branch="true" condition-coverage="50% (1/2)"><conditions><condition number="0" type="jump" coverage="50%"/></conditions></line><line number="115" hits="2463" branch="true" condition-coverage="50% (1/2)"><conditions><condition number="0" type="jump" coverage="50%"/></conditions></line><line number="116" hits="2463" branch="true" condition-coverage="50% (1/2)"><conditions><condition number="0" type="jump" coverage="50%"/></conditions></line><line number="117" hits="2463" branch="false"/><line number="119" hits="2463" branch="false"/><line number="121" hits="4926" branch="false"/><line number="123" hits="2463" branch="false"/><line number="124" hits="2463" branch="false"/><line number="125" hits="2463" branch="false"/><line number="126" hits="2463" branch="false"/><line number="127" hits="2463" branch="false"/><line number="128" hits="2463" branch="false"/><line number="129" hits="2463" branch="false"/><line number="130" hits="2463" branch="false"/><line number="132" hits="4926" branch="true" condition-coverage="50% (1/2)"><conditions><condition number="0" type="jump" coverage="50%"/></conditions></line><line number="133" hits="4926" branch="true" condition-coverage="50% (1/2)"><conditions><condition number="0" type="jump" coverage="50%"/></conditions></line><line number="134" hits="4926" branch="true" condition-coverage="50% (1/2)"><conditions><condition number="0" type="jump" coverage="50%"/></conditions></line><line number="135" hits="4926" branch="true" condition-coverage="50% (1/2)"><conditions><condition number="0" type="jump" coverage="50%"/></conditions></line><line number="137" hits="2463" branch="true" condition-coverage="50% (1/2)"><conditions><condition number="0" type="jump" coverage="50%"/></conditions></line><line number="138" hits="2463" branch="true" condition-coverage="50% (1/2)"><conditions><condition number="0" type="jump" coverage="50%"/></conditions></line><line number="139" hits="2463" branch="true" condition-coverage="50% (1/2)"><conditions><condition number="0" type="jump" coverage="50%"/></conditions></line><line number="140" hits="2463" branch="true" condition-coverage="50% (1/2)"><conditions><condition number="0" type="jump" coverage="50%"/></conditions></line><line number="141" hits="2463" branch="false"/><line number="143" hits="2463" branch="false"/><line number="145" hits="4926" branch="false"/><line number="147" hits="2463" branch="false"/><line number="148" hits="2463" branch="false"/><line number="149" hits="2463" branch="false"/><line number="150" hits="2463" branch="false"/><line number="152" hits="4926" branch="true" condition-coverage="50% (1/2)"><conditions><condition number="0" type="jump" coverage="50%"/></conditions></line><line number="153" hits="4926" branch="true" condition-coverage="50% (1/2)"><conditions><condition number="0" type="jump" coverage="50%"/></conditions></line><line number="155" hits="2463" branch="true" condition-coverage="50% (1/2)"><conditions><condition number="0" type="jump" coverage="50%"/></conditions></line><line number="156" hits="2463" branch="true" condition-coverage="50% (1/2)"><conditions><condition number="0" type="jump" coverage="50%"/></conditions></line><line number="157" hits="2463" branch="false"/><line number="159" hits="2463" branch="false"/><line number="161" hits="4926" branch="false"/><line number="162" hits="4926" branch="false"/><line number="163" hits="4926" branch="false"/><line number="165" hits="2463" branch="false"/><line number="166" hits="2463" branch="false"/><line number="167" hits="2463" branch="false"/><line number="168" hits="2463" branch="false"/><line number="169" hits="2463" branch="false"/><line number="170" hits="2463" branch="false"/><line number="172" hits="4926" branch="true" condition-coverage="50% (1/2)"><conditions><condition number="0" type="jump" coverage="50%"/></conditions></line><line number="173" hits="4926" branch="true" condition-coverage="50% (1/2)"><conditions><condition number="0" type="jump" coverage="50%"/></conditions></line><line number="174" hits="4926" branch="true" condition-coverage="50% (1/2)"><conditions><condition number="0" type="jump" coverage="50%"/></conditions></line><line number="176" hits="2463" branch="true" condition-coverage="50% (1/2)"><conditions><condition number="0" type="jump" coverage="50%"/></conditions></line><line number="177" hits="2463" branch="true" condition-coverage="50% (1/2)"><conditions><condition number="0" type="jump" coverage="50%"/></conditions></line><line number="178" hits="2463" branch="true" condition-coverage="50% (1/2)"><conditions><condition number="0" type="jump" coverage="50%"/></conditions></line><line number="179" hits="2463" branch="false"/><line number="181" hits="2463" branch="false"/><line number="183" hits="4926" branch="false"/><line number="185" hits="2463" branch="false"/><line number="186" hits="2463" branch="false"/><line number="187" hits="2463" branch="false"/><line number="188" hits="2463" branch="false"/><line number="189" hits="2463" branch="false"/><line number="190" hits="2463" branch="false"/><line number="192" hits="4926" branch="true" condition-coverage="50% (1/2)"><conditions><condition number="0" type="jump" coverage="50%"/></conditions></line><line number="193" hits="4926" branch="true" condition-coverage="50% (1/2)"><conditions><condition number="0" type="jump" coverage="50%"/></conditions></line><line number="194" hits="4926" branch="true" condition-coverage="50% (1/2)"><conditions><condition number="0" type="jump" coverage="50%"/></conditions></line><line number="196" hits="2463" branch="true" condition-coverage="50% (1/2)"><conditions><condition number="0" type="jump" coverage="50%"/></conditions></line><line number="197" hits="2463" branch="true" condition-coverage="50% (1/2)"><conditions><condition number="0" type="jump" coverage="50%"/></conditions></line><line number="198" hits="2463" branch="true" condition-coverage="50% (1/2)"><conditions><condition number="0" type="jump" coverage="50%"/></conditions></line><line number="199" hits="2463" branch="false"/><line number="201" hits="2463" branch="false"/><line number="203" hits="4926" branch="false"/><line number="204" hits="4926" branch="true" condition-coverage="50% (1/2)"><conditions><condition number="0" type="jump" coverage="50%"/></conditions></line><line number="205" hits="2463" branch="false"/><line number="206" hits="2463" branch="true" condition-coverage="50% (1/2)"><conditions><condition number="0" type="jump" coverage="50%"/></conditions></line><line number="207" hits="4926" branch="true" condition-coverage="50% (1/2)"><conditions><condition number="0" type="jump" coverage="50%"/></conditions></line><line number="208" hits="2463" branch="true" condition-coverage="50% (1/2)"><conditions><condition number="0" type="jump" coverage="50%"/></conditions></line><line number="209" hits="2463" branch="false"/><line number="211" hits="60" branch="false"/><line number="214" hits="60" branch="true" condition-coverage="83% (5/6)"><conditions><condition number="0" type="jump" coverage="83%"/></conditions></line><line number="216" hits="15" branch="true" condition-coverage="50% (2/4)"><conditions><condition number="0" type="jump" coverage="50%"/></conditions></line><line number="219" hits="45" branch="true" condition-coverage="100% (2/2)"><conditions><condition number="0" type="jump" coverage="100%"/></conditions></line><line number="221" hits="15" branch="true" condition-coverage="50% (2/4)"><conditions><condition number="0" type="jump" coverage="50%"/></conditions></line><line number="224" hits="30" branch="false"/><line number="226" hits="30" branch="false"/><line number="229" hits="30" branch="false"/><line number="231" hits="30" branch="false"/><line number="234" hits="123" branch="false"/><line number="237" hits="123" branch="true" condition-coverage="100% (2/2)"><conditions><condition number="0" type="jump" coverage="100%"/></conditions></line><line number="239" hits="15" branch="true" condition-coverage="50% (2/4)"><conditions><condition number="0" type="jump" coverage="50%"/></conditions></line><line number="242" hits="108" branch="true" condition-coverage="83% (5/6)"><conditions><condition number="0" type="jump" coverage="83%"/></conditions></line><line number="244" hits="15" branch="true" condition-coverage="50% (2/4)"><conditions><condition number="0" type="jump" coverage="50%"/></conditions></line><line number="247" hits="93" branch="false"/><line number="249" hits="93" branch="false"/><line number="251" hits="93" branch="false"/><line number="253" hits="294" branch="true" condition-coverage="100% (2/2)"><conditions><condition number="0" type="jump" coverage="100%"/></conditions></line><line number="256" hits="201" branch="true" condition-coverage="100% (4/4)"><conditions><condition number="0" type="jump" coverage="100%"/></conditions></line><line number="259" hits="93" branch="false"/><line number="262" hits="105" branch="false"/><line number="265" hits="105" branch="true" condition-coverage="100% (2/2)"><conditions><condition number="0" type="jump" coverage="100%"/></conditions></line><line number="268" hits="15" branch="true" condition-coverage="50% (2/4)"><conditions><condition number="0" type="jump" coverage="50%"/></conditions></line><line number="271" hits="255" branch="true" condition-coverage="100% (2/2)"><conditions><condition number="0" type="jump" coverage="100%"/></conditions></line><line number="273" hits="180" branch="true" condition-coverage="100% (2/2)"><conditions><condition number="0" type="jump" coverage="100%"/></conditions></line><line number="275" hits="15" branch="true" condition-coverage="50% (2/4)"><conditions><condition number="0" type="jump" coverage="50%"/></conditions></line><line number="279" hits="75" branch="false"/><line number="281" hits="75" branch="false"/><line number="283" hits="75" branch="false"/><line number="285" hits="240" branch="true" condition-coverage="100% (2/2)"><conditions><condition number="0" type="jump" coverage="100%"/></conditions></line><line number="288" hits="165" branch="true" condition-coverage="100% (4/4)"><conditions><condition number="0" type="jump" coverage="100%"/></conditions></line><line number="291" hits="75" branch="false"/><line number="294" hits="126" branch="false"/><line number="297" hits="126" branch="true" condition-coverage="100% (2/2)"><conditions><condition number="0" type="jump" coverage="100%"/></conditions></line><line number="299" hits="30" branch="true" condition-coverage="50% (2/4)"><conditions><condition number="0" type="jump" coverage="50%"/></conditions></line><line number="302" hits="96" branch="true" condition-coverage="83% (5/6)"><conditions><condition number="0" type="jump" coverage="83%"/></conditions></line><line number="304" hits="15" branch="true" condition-coverage="50% (2/4)"><conditions><condition number="0" type="jump" coverage="50%"/></conditions></line><line number="307" hits="81" branch="false"/><line number="309" hits="81" branch="false"/><line number="312" hits="81" branch="false"/><line number="314" hits="81" branch="false"/><line number="317" hits="105" branch="false"/><line number="320" hits="105" branch="true" condition-coverage="100% (2/2)"><conditions><condition number="0" type="jump" coverage="100%"/></conditions></line><line number="322" hits="30" branch="true" condition-coverage="50% (2/4)"><conditions><condition number="0" type="jump" coverage="50%"/></conditions></line><line number="325" hits="75" branch="true" condition-coverage="83% (5/6)"><conditions><condition number="0" type="jump" coverage="83%"/></conditions></line><line number="327" hits="15" branch="true" condition-coverage="50% (2/4)"><conditions><condition number="0" type="jump" coverage="50%"/></conditions></line><line number="330" hits="60" branch="false"/><line number="332" hits="60" branch="false"/><line number="335" hits="60" branch="false"/><line number="337" hits="60" branch="false"/><line number="340" hits="75" branch="false"/><line number="343" hits="75" branch="true" condition-coverage="100% (2/2)"><conditions><condition number="0" type="jump" coverage="100%"/></conditions></line><line number="345" hits="30" branch="true" condition-coverage="50% (2/4)"><conditions><condition number="0" type="jump" coverage="50%"/></conditions></line><line number="348" hits="45" branch="true" condition-coverage="83% (5/6)"><conditions><condition number="0" type="jump" coverage="83%"/></conditions></line><line number="350" hits="15" branch="true" condition-coverage="50% (2/4)"><conditions><condition number="0" type="jump" coverage="50%"/></conditions></line><line number="353" hits="30" branch="false"/><line number="355" hits="30" branch="false"/><line number="358" hits="30" branch="false"/><line number="360" hits="30" branch="false"/><line number="363" hits="105" branch="false"/><line number="366" hits="105" branch="true" condition-coverage="100% (2/2)"><conditions><condition number="0" type="jump" coverage="100%"/></conditions></line><line number="368" hits="30" branch="true" condition-coverage="50% (2/4)"><conditions><condition number="0" type="jump" coverage="50%"/></conditions></line><line number="371" hits="75" branch="true" condition-coverage="83% (5/6)"><conditions><condition number="0" type="jump" coverage="83%"/></conditions></line><line number="373" hits="15" branch="true" condition-coverage="50% (2/4)"><conditions><condition number="0" type="jump" coverage="50%"/></conditions></line><line number="376" hits="60" branch="false"/><line number="378" hits="60" branch="false"/><line number="381" hits="60" branch="false"/><line number="383" hits="60" branch="false"/><line number="386" hits="75" branch="false"/><line number="389" hits="75" branch="true" condition-coverage="100% (2/2)"><conditions><condition number="0" type="jump" coverage="100%"/></conditions></line><line number="391" hits="30" branch="true" condition-coverage="50% (2/4)"><conditions><condition number="0" type="jump" coverage="50%"/></conditions></line><line number="394" hits="45" branch="true" condition-coverage="83% (5/6)"><conditions><condition number="0" type="jump" coverage="83%"/></conditions></line><line number="396" hits="15" branch="true" condition-coverage="50% (2/4)"><conditions><condition number="0" type="jump" coverage="50%"/></conditions></line><line number="399" hits="30" branch="false"/><line number="401" hits="30" branch="false"/><line number="404" hits="30" branch="false"/><line number="406" hits="30" branch="false"/><line number="409" hits="285" branch="false"/><line number="412" hits="285" branch="true" condition-coverage="100% (2/2)"><conditions><condition number="0" type="jump" coverage="100%"/></conditions></line><line number="414" hits="15" branch="true" condition-coverage="50% (2/4)"><conditions><condition number="0" type="jump" coverage="50%"/></conditions></line><line number="416" hits="1002" branch="true" condition-coverage="100% (2/2)"><conditions><condition number="0" type="jump" coverage="100%"/></conditions></line><line number="419" hits="747" branch="true" condition-coverage="100% (2/2)"><conditions><condition number="0" type="jump" coverage="100%"/></conditions></line><line number="421" hits="15" branch="true" condition-coverage="50% (2/4)"><conditions><condition number="0" type="jump" coverage="50%"/></conditions></line><line number="425" hits="255" branch="false"/><line number="427" hits="255" branch="false"/><line number="429" hits="255" branch="false"/><line number="431" hits="987" branch="true" condition-coverage="100% (2/2)"><conditions><condition number="0" type="jump" coverage="100%"/></conditions></line><line number="433" hits="732" branch="false"/><line number="436" hits="255" branch="false"/><line number="439" hits="185" branch="false"/><line number="442" hits="185" branch="true" condition-coverage="100% (6/6)"><conditions><condition number="0" type="jump" coverage="100%"/></conditions></line><line number="444" hits="30" branch="true" condition-coverage="50% (2/4)"><conditions><condition number="0" type="jump" coverage="50%"/></conditions></line><line number="448" hits="155" branch="true" condition-coverage="83% (5/6)"><conditions><condition number="0" type="jump" coverage="83%"/></conditions></line><line number="450" hits="15" branch="true" condition-coverage="50% (2/4)"><conditions><condition number="0" type="jump" coverage="50%"/></conditions></line><line number="453" hits="140" branch="false"/><line number="455" hits="140" branch="false"/><line number="457" hits="140" branch="true" condition-coverage="100% (2/2)"><conditions><condition number="0" type="jump" coverage="100%"/></conditions></line><line number="459" hits="51" branch="false"/><line number="461" hits="89" branch="true" condition-coverage="50% (1/2)"><conditions><condition number="0" type="jump" coverage="50%"/></conditions></line><line number="463" hits="89" branch="false"/><line number="466" hits="140" branch="false"/><line number="469" hits="129" branch="false"/><line number="472" hits="129" branch="true" condition-coverage="100% (2/2)"><conditions><condition number="0" type="jump" coverage="100%"/></conditions></line><line number="474" hits="15" branch="true" condition-coverage="50% (2/4)"><conditions><condition number="0" type="jump" coverage="50%"/></conditions></line><line number="477" hits="327" branch="true" condition-coverage="100% (2/2)"><conditions><condition number="0" type="jump" coverage="100%"/></conditions></line><line number="480" hits="228" branch="true" condition-coverage="100% (2/2)"><conditions><condition number="0" type="jump" coverage="100%"/></conditions></line><line number="482" hits="15" branch="true" condition-coverage="50% (2/4)"><conditions><condition number="0" type="jump" coverage="50%"/></conditions></line><line number="486" hits="99" branch="false"/><line number="488" hits="99" branch="false"/><line number="490" hits="99" branch="false"/><line number="492" hits="312" branch="true" condition-coverage="100% (2/2)"><conditions><condition number="0" type="jump" coverage="100%"/></conditions></line><line number="494" hits="213" branch="false"/><line number="497" hits="99" branch="false"/><line number="500" hits="246" branch="false"/><line number="503" hits="246" branch="true" condition-coverage="100% (2/2)"><conditions><condition number="0" type="jump" coverage="100%"/></conditions></line><line number="505" hits="15" branch="true" condition-coverage="50% (2/4)"><conditions><condition number="0" type="jump" coverage="50%"/></conditions></line><line number="508" hits="231" branch="true" condition-coverage="83% (5/6)"><conditions><condition number="0" type="jump" coverage="83%"/></conditions></line><line number="510" hits="15" branch="true" condition-coverage="50% (2/4)"><conditions><condition number="0" type="jump" coverage="50%"/></conditions></line><line number="513" hits="216" branch="false"/><line number="515" hits="216" branch="false"/><line number="517" hits="216" branch="false"/><line number="519" hits="216" branch="false"/><line number="522" hits="45" branch="false"/><line number="525" hits="45" branch="true" condition-coverage="100% (2/2)"><conditions><condition number="0" type="jump" coverage="100%"/></conditions></line><line number="527" hits="15" branch="true" condition-coverage="50% (2/4)"><conditions><condition number="0" type="jump" coverage="50%"/></conditions></line><line number="531" hits="30" branch="true" condition-coverage="100% (2/2)"><conditions><condition number="0" type="jump" coverage="100%"/></conditions></line><line number="533" hits="15" branch="true" condition-coverage="50% (2/4)"><conditions><condition number="0" type="jump" coverage="50%"/></conditions></line><line number="536" hits="15" branch="false"/><line number="538" hits="15" branch="false"/><line number="541" hits="15" branch="false"/><line number="543" hits="15" branch="false"/><line number="546" hits="45" branch="false"/><line number="549" hits="45" branch="true" condition-coverage="100% (2/2)"><conditions><condition number="0" type="jump" coverage="100%"/></conditions></line><line number="551" hits="15" branch="true" condition-coverage="50% (2/4)"><conditions><condition number="0" type="jump" coverage="50%"/></conditions></line><line number="555" hits="30" branch="true" condition-coverage="83% (5/6)"><conditions><condition number="0" type="jump" coverage="83%"/></conditions></line><line number="557" hits="15" branch="true" condition-coverage="50% (2/4)"><conditions><condition number="0" type="jump" coverage="50%"/></conditions></line><line number="560" hits="15" branch="false"/><line number="562" hits="15" branch="false"/><line number="565" hits="15" branch="false"/><line number="567" hits="15" branch="false"/><line number="570" hits="579" branch="false"/><line number="573" hits="579" branch="true" condition-coverage="100% (2/2)"><conditions><condition number="0" type="jump" coverage="100%"/></conditions></line><line number="575" hits="30" branch="true" condition-coverage="50% (2/4)"><conditions><condition number="0" type="jump" coverage="50%"/></conditions></line><line number="579" hits="549" branch="true" condition-coverage="83% (5/6)"><conditions><condition number="0" type="jump" coverage="83%"/></conditions></line><line number="581" hits="15" branch="true" condition-coverage="50% (2/4)"><conditions><condition number="0" type="jump" coverage="50%"/></conditions></line><line number="584" hits="534" branch="false"/><line number="586" hits="534" branch="false"/><line number="588" hits="534" branch="false"/><line number="589" hits="534" branch="false"/><line number="591" hits="534" branch="false"/><line number="594" hits="82" branch="false"/><line number="597" hits="82" branch="true" condition-coverage="100% (2/2)"><conditions><condition number="0" type="jump" coverage="100%"/></conditions></line><line number="599" hits="15" branch="true" condition-coverage="50% (2/4)"><conditions><condition number="0" type="jump" coverage="50%"/></conditions></line><line number="603" hits="67" branch="true" condition-coverage="83% (5/6)"><conditions><condition number="0" type="jump" coverage="83%"/></conditions></line><line number="605" hits="15" branch="true" condition-coverage="50% (2/4)"><conditions><condition number="0" type="jump" coverage="50%"/></conditions></line><line number="608" hits="52" branch="false"/><line number="610" hits="52" branch="false"/><line number="614" hits="52" branch="false"/><line number="615" hits="52" branch="false"/><line number="616" hits="52" branch="false"/><line number="617" hits="52" branch="false"/><line number="619" hits="52" branch="false"/><line number="622" hits="233" branch="false"/><line number="625" hits="233" branch="true" condition-coverage="100% (2/2)"><conditions><condition number="0" type="jump" coverage="100%"/></conditions></line><line number="627" hits="30" branch="true" condition-coverage="50% (2/4)"><conditions><condition number="0" type="jump" coverage="50%"/></conditions></line><line number="631" hits="203" branch="true" condition-coverage="75% (6/8)"><conditions><condition number="0" type="jump" coverage="75%"/></conditions></line><line number="633" hits="15" branch="true" condition-coverage="50% (2/4)"><conditions><condition number="0" type="jump" coverage="50%"/></conditions></line><line number="636" hits="188" branch="false"/><line number="638" hits="188" branch="false"/><line number="642" hits="188" branch="false"/><line number="643" hits="188" branch="false"/><line number="644" hits="188" branch="false"/><line number="645" hits="188" branch="false"/><line number="646" hits="188" branch="false"/><line number="648" hits="188" branch="false"/><line number="651" hits="45" branch="false"/><line number="654" hits="45" branch="true" condition-coverage="100% (2/2)"><conditions><condition number="0" type="jump" coverage="100%"/></conditions></line><line number="656" hits="15" branch="true" condition-coverage="50% (2/4)"><conditions><condition number="0" type="jump" coverage="50%"/></conditions></line><line number="660" hits="30" branch="true" condition-coverage="100% (2/2)"><conditions><condition number="0" type="jump" coverage="100%"/></conditions></line><line number="662" hits="15" branch="true" condition-coverage="50% (2/4)"><conditions><condition number="0" type="jump" coverage="50%"/></conditions></line><line number="665" hits="15" branch="false"/><line number="667" hits="15" branch="false"/><line number="668" hits="15" branch="false"/><line number="670" hits="15" branch="false"/><line number="673" hits="45" branch="false"/><line number="676" hits="45" branch="true" condition-coverage="100% (2/2)"><conditions><condition number="0" type="jump" coverage="100%"/></conditions></line><line number="678" hits="15" branch="true" condition-coverage="50% (2/4)"><conditions><condition number="0" type="jump" coverage="50%"/></conditions></line><line number="682" hits="30" branch="true" condition-coverage="100% (2/2)"><conditions><condition number="0" type="jump" coverage="100%"/></conditions></line><line number="684" hits="15" branch="true" condition-coverage="50% (2/4)"><conditions><condition number="0" type="jump" coverage="50%"/></conditions></line><line number="687" hits="15" branch="false"/><line number="689" hits="15" branch="false"/><line number="690" hits="15" branch="false"/><line number="692" hits="15" branch="false"/><line number="695" hits="45" branch="false"/><line number="698" hits="45" branch="true" condition-coverage="100% (2/2)"><conditions><condition number="0" type="jump" coverage="100%"/></conditions></line><line number="700" hits="15" branch="true" condition-coverage="50% (2/4)"><conditions><condition number="0" type="jump" coverage="50%"/></conditions></line><line number="704" hits="30" branch="true" condition-coverage="83% (5/6)"><conditions><condition number="0" type="jump" coverage="83%"/></conditions></line><line number="706" hits="15" branch="true" condition-coverage="50% (2/4)"><conditions><condition number="0" type="jump" coverage="50%"/></conditions></line><line number="709" hits="15" branch="false"/><line number="711" hits="15" branch="false"/><line number="712" hits="15" branch="false"/><line number="714" hits="15" branch="false"/><line number="718" hits="2754" branch="false"/><line number="720" hits="2754" branch="false"/><line number="722" hits="2754" branch="true" condition-coverage="50% (1/2)"><conditions><condition number="0" type="jump" coverage="50%"/></conditions></line><line number="724" hits="2754" branch="true" condition-coverage="100% (2/2)"><conditions><condition number="0" type="jump" coverage="100%"/></conditions></line><line number="726" hits="16" branch="true" condition-coverage="50% (2/4)"><conditions><condition number="0" type="jump" coverage="50%"/></conditions></line><line number="729" hits="2738" branch="false"/><line number="733" hits="478" branch="false"/><line number="735" hits="478" branch="false"/><line number="737" hits="478" branch="true" condition-coverage="50% (1/2)"><conditions><condition number="0" type="jump" coverage="50%"/></conditions></line><line number="739" hits="478" branch="true" condition-coverage="100% (2/2)"><conditions><condition number="0" type="jump" coverage="100%"/></conditions></line><line number="741" hits="15" branch="true" condition-coverage="50% (2/4)"><conditions><condition number="0" type="jump" coverage="50%"/></conditions></line><line number="743" hits="463" branch="true" condition-coverage="50% (1/2)"><conditions><condition number="0" type="jump" coverage="50%"/></conditions></line><line number="746" hits="333" branch="false"/><line number="748" hits="666" branch="false"/><line number="749" hits="333" branch="true" condition-coverage="50% (1/2)"><conditions><condition number="0" type="jump" coverage="50%"/></conditions></line><line number="750" hits="333" branch="true" condition-coverage="50% (2/4)"><conditions><condition number="0" type="jump" coverage="50%"/></conditions></line><line number="751" hits="333" branch="false"/><line number="753" hits="300" branch="false"/><line number="755" hits="600" branch="false"/><line number="756" hits="300" branch="false"/><line number="757" hits="300" branch="false"/><line number="759" hits="300" branch="true" condition-coverage="50% (2/4)"><conditions><condition number="0" type="jump" coverage="50%"/></conditions></line><line number="760" hits="369" branch="true" condition-coverage="50% (2/4)"><conditions><condition number="0" type="jump" coverage="50%"/></conditions></line></lines></class><class name="environment_hpp" filename="environment.hpp" line-rate="1.0" branch-rate="0.6666666666666666" complexity="0.0"><methods/><lines><line number="10" hits="2208" branch="false"/><line number="19" hits="371130" branch="false"/><line number="69" hits="860" branch="false"/><line number="71" hits="860" branch="false"/><line number="73" hits="860" branch="false"/><line number="75" hits="860" branch="true" condition-coverage="50% (1/2)"><conditions><condition number="0" type="jump" coverage="50%"/></conditions></line><line number="76" hits="860" branch="true" condition-coverage="100% (2/2)"><conditions><condition number="0" type="jump" coverage="100%"/></conditions></line><line number="78" hits="451" branch="false"/><line number="81" hits="860" branch="false"/><line number="97" hits="350" branch="false"/><line number="99" hits="350" branch="false"/><line number="101" hits="350" branch="true" condition-coverage="50% (1/2)"><conditions><condition number="0" type="jump" coverage="50%"/></conditions></line><line number="103" hits="350" branch="false"/><line number="107" hits="14" branch="false"/><line number="109" hits="14" branch="false"/><line number="110" hits="14" branch="false"/></lines></class><class name="expression_cpp" filename="expression.cpp" line-rate="1.0" branch-rate="0.7412790697674418" complexity="0.0"><methods/><lines><line number="11" hits="474" branch="false"/><line number="14" hits="474" branch="false"/><line number="16" hits="474" branch="false"/><line number="17" hits="474" branch="false"/><line number="19" hits="2905" branch="false"/><line number="22" hits="2905" branch="false"/><line number="23" hits="2905" branch="false"/><line number="24" hits="2905" branch="false"/><line number="26" hits="52" branch="false"/><line number="29" hits="52" branch="false"/><line number="30" hits="52" branch="true" condition-coverage="50% (1/2)"><conditions><condition number="0" type="jump" coverage="50%"/></conditions></line><line number="31" hits="52" branch="false"/><line number="33" hits="15" branch="false"/><line number="35" hits="15" branch="false"/><line number="36" hits="15" branch="false"/><line number="37" hits="15" branch="false"/><line number="38" hits="15" branch="false"/><line number="40" hits="15" branch="false"/><line number="41" hits="15" branch="false"/><line number="43" hits="15" branch="false"/><line number="44" hits="15" branch="false"/><line number="45" hits="15" branch="false"/><line number="46" hits="15" branch="false"/><line number="47" hits="15" branch="false"/><line number="48" hits="15" branch="false"/><line number="50" hits="15" branch="false"/><line number="52" hits="15" branch="false"/><line number="54" hits="15" branch="false"/><line number="55" hits="15" branch="false"/><line number="56" hits="15" branch="false"/><line number="57" hits="15" branch="false"/><line number="58" hits="15" branch="false"/><line number="59" hits="15" branch="false"/><line number="60" hits="15" branch="false"/><line number="62" hits="1035" branch="false"/><line number="64" hits="1035" branch="false"/><line number="65" hits="1035" branch="true" condition-coverage="100% (2/2)"><conditions><condition number="0" type="jump" coverage="100%"/></conditions></line><line number="67" hits="1020" branch="true" condition-coverage="88% (8/9)"><conditions><condition number="0" type="jump" coverage="88%"/></conditions></line><line number="69" hits="30" branch="false"/><line number="70" hits="30" branch="false"/><line number="71" hits="30" branch="false"/><line number="72" hits="465" branch="false"/><line number="73" hits="465" branch="true" condition-coverage="50% (1/2)"><conditions><condition number="0" type="jump" coverage="50%"/></conditions></line><line number="75" hits="465" branch="false"/><line number="77" hits="465" branch="false"/><line number="78" hits="450" branch="false"/><line number="79" hits="450" branch="true" condition-coverage="50% (1/2)"><conditions><condition number="0" type="jump" coverage="50%"/></conditions></line><line number="81" hits="450" branch="false"/><line number="83" hits="450" branch="false"/><line number="84" hits="15" branch="false"/><line number="85" hits="15" branch="true" condition-coverage="50% (1/2)"><conditions><condition number="0" type="jump" coverage="50%"/></conditions></line><line number="87" hits="15" branch="false"/><line number="89" hits="15" branch="false"/><line number="90" hits="15" branch="false"/><line number="91" hits="15" branch="true" condition-coverage="50% (1/2)"><conditions><condition number="0" type="jump" coverage="50%"/></conditions></line><line number="93" hits="15" branch="false"/><line number="95" hits="15" branch="false"/><line number="96" hits="15" branch="false"/><line number="97" hits="15" branch="true" condition-coverage="50% (2/4)"><conditions><condition number="0" type="jump" coverage="50%"/></conditions></line><line number="99" hits="15" branch="false"/><line number="101" hits="15" branch="false"/><line number="102" hits="15" branch="false"/><line number="104" hits="15" branch="true" condition-coverage="50% (3/6)"><conditions><condition number="0" type="jump" coverage="50%"/></conditions></line><line number="106" hits="15" branch="false"/><line number="108" hits="15" branch="false"/><line number="109" hits="15" branch="false"/><line number="110" hits="15" branch="true" condition-coverage="50% (5/10)"><conditions><condition number="0" type="jump" coverage="50%"/></conditions></line><line number="112" hits="15" branch="false"/><line number="114" hits="15" branch="false"/><line number="117" hits="1035" branch="false"/><line number="120" hits="14665" branch="false"/><line number="122" hits="14665" branch="false"/><line number="123" hits="14665" branch="true" condition-coverage="100% (2/2)"><conditions><condition number="0" type="jump" coverage="100%"/></conditions></line><line number="125" hits="9331" branch="true" condition-coverage="88% (8/9)"><conditions><condition number="0" type="jump" coverage="88%"/></conditions></line><line number="127" hits="9260" branch="false"/><line number="128" hits="9260" branch="false"/><line number="129" hits="9260" branch="false"/><line number="130" hits="12" branch="false"/><line number="131" hits="12" branch="true" condition-coverage="50% (1/2)"><conditions><condition number="0" type="jump" coverage="50%"/></conditions></line><line number="133" hits="12" branch="false"/><line number="135" hits="12" branch="false"/><line number="136" hits="11" branch="false"/><line number="137" hits="11" branch="true" condition-coverage="50% (1/2)"><conditions><condition number="0" type="jump" coverage="50%"/></conditions></line><line number="139" hits="11" branch="false"/><line number="141" hits="11" branch="false"/><line number="142" hits="11" branch="false"/><line number="143" hits="11" branch="true" condition-coverage="50% (1/2)"><conditions><condition number="0" type="jump" coverage="50%"/></conditions></line><line number="145" hits="11" branch="false"/><line number="147" hits="11" branch="false"/><line number="148" hits="11" branch="false"/><line number="149" hits="11" branch="true" condition-coverage="50% (1/2)"><conditions><condition number="0" type="jump" coverage="50%"/></conditions></line><line number="151" hits="11" branch="false"/><line number="153" hits="11" branch="false"/><line number="154" hits="12" branch="false"/><line number="155" hits="12" branch="true" condition-coverage="50% (2/4)"><conditions><condition number="0" type="jump" coverage="50%"/></conditions></line><line number="157" hits="12" branch="false"/><line number="159" hits="12" branch="false"/><line number="160" hits="7" branch="false"/><line number="162" hits="7" branch="true" condition-coverage="50% (3/6)"><conditions><condition number="0" type="jump" coverage="50%"/></conditions></line><line number="164" hits="7" branch="false"/><line number="166" hits="7" branch="false"/><line number="167" hits="7" branch="false"/><line number="168" hits="7" branch="true" condition-coverage="50% (5/10)"><conditions><condition number="0" type="jump" coverage="50%"/></conditions></line><line number="170" hits="7" branch="false"/><line number="172" hits="7" branch="false"/><line number="175" hits="14665" branch="false"/><line number="178" hits="2216" branch="false"/><line number="181" hits="2216" branch="false"/><line number="183" hits="15007" branch="false"/><line number="187" hits="15007" branch="false"/><line number="189" hits="15007" branch="false"/><line number="190" hits="15007" branch="false"/><line number="191" hits="15007" branch="false"/><line number="192" hits="15007" branch="false"/><line number="193" hits="15007" branch="false"/><line number="194" hits="15007" branch="false"/><line number="197" hits="15007" branch="true" condition-coverage="50% (2/4)"><conditions><condition number="0" type="jump" coverage="50%"/></conditions></line><line number="200" hits="15007" branch="true" condition-coverage="100% (4/4)"><conditions><condition number="0" type="jump" coverage="100%"/></conditions></line><line number="202" hits="7224" branch="true" condition-coverage="50% (2/4)"><conditions><condition number="0" type="jump" coverage="50%"/></conditions></line><line number="204" hits="7224" branch="true" condition-coverage="100% (2/2)"><conditions><condition number="0" type="jump" coverage="100%"/></conditions></line><line number="206" hits="6090" branch="true" condition-coverage="50% (2/4)"><conditions><condition number="0" type="jump" coverage="50%"/></conditions></line><line number="209" hits="6090" branch="true" condition-coverage="100% (2/2)"><conditions><condition number="0" type="jump" coverage="100%"/></conditions></line><line number="211" hits="1382" branch="true" condition-coverage="50% (2/4)"><conditions><condition number="0" type="jump" coverage="50%"/></conditions></line><line number="218" hits="15007" branch="true" condition-coverage="91% (11/12)"><conditions><condition number="0" type="jump" coverage="91%"/></conditions></line><line number="221" hits="15007" branch="false"/><line number="223" hits="15007" branch="false"/><line number="226" hits="15007" branch="true" condition-coverage="50% (2/4)"><conditions><condition number="0" type="jump" coverage="50%"/></conditions></line><line number="229" hits="15007" branch="true" condition-coverage="50% (2/4)"><conditions><condition number="0" type="jump" coverage="50%"/></conditions></line><line number="232" hits="15007" branch="true" condition-coverage="50% (2/4)"><conditions><condition number="0" type="jump" coverage="50%"/></conditions></line><line number="235" hits="15007" branch="true" condition-coverage="50% (2/4)"><conditions><condition number="0" type="jump" coverage="50%"/></conditions></line><line number="237" hits="15007" branch="false"/><line number="240" hits="15007" branch="false"/><line number="242" hits="15007" branch="true" condition-coverage="80% (8/10)"><conditions><condition number="0" type="jump" coverage="80%"/></conditions></line><line number="244" hits="75" branch="false"/><line number="245" hits="75" branch="false"/><line number="247" hits="15007" branch="false"/><line number="249" hits="15007" branch="false"/><line number="251" hits="15007" branch="true" condition-coverage="100% (2/2)"><conditions><condition number="0" type="jump" coverage="100%"/></conditions></line><line number="253" hits="14932" branch="true" condition-coverage="100% (10/10)"><conditions><condition number="0" type="jump" coverage="100%"/></conditions></line><line number="255" hits="1900" branch="false"/><line number="256" hits="1900" branch="false"/><line number="257" hits="1900" branch="false"/><line number="258" hits="1900" branch="false"/><line number="260" hits="13032" branch="true" condition-coverage="100% (12/12)"><conditions><condition number="0" type="jump" coverage="100%"/></conditions></line><line number="262" hits="972" branch="false"/><line number="263" hits="972" branch="false"/><line number="264" hits="972" branch="false"/><line number="265" hits="972" branch="false"/><line number="267" hits="12060" branch="true" condition-coverage="100% (8/8)"><conditions><condition number="0" type="jump" coverage="100%"/></conditions></line><line number="269" hits="576" branch="false"/><line number="270" hits="576" branch="false"/><line number="271" hits="576" branch="false"/><line number="272" hits="576" branch="false"/><line number="275" hits="15007" branch="false"/><line number="277" hits="15007" branch="false"/><line number="279" hits="15007" branch="true" condition-coverage="100% (2/2)"><conditions><condition number="0" type="jump" coverage="100%"/></conditions></line><line number="281" hits="11484" branch="true" condition-coverage="100% (6/6)"><conditions><condition number="0" type="jump" coverage="100%"/></conditions></line><line number="283" hits="195" branch="false"/><line number="284" hits="195" branch="false"/><line number="285" hits="195" branch="false"/><line number="286" hits="195" branch="false"/><line number="288" hits="11289" branch="true" condition-coverage="100% (8/8)"><conditions><condition number="0" type="jump" coverage="100%"/></conditions></line><line number="290" hits="1788" branch="false"/><line number="291" hits="1788" branch="false"/><line number="292" hits="1788" branch="false"/><line number="293" hits="1788" branch="false"/><line number="295" hits="9501" branch="true" condition-coverage="100% (8/8)"><conditions><condition number="0" type="jump" coverage="100%"/></conditions></line><line number="297" hits="270" branch="false"/><line number="298" hits="270" branch="false"/><line number="299" hits="270" branch="false"/><line number="300" hits="270" branch="false"/><line number="303" hits="15007" branch="false"/><line number="305" hits="15007" branch="false"/><line number="307" hits="15007" branch="true" condition-coverage="100% (2/2)"><conditions><condition number="0" type="jump" coverage="100%"/></conditions></line><line number="310" hits="9231" branch="true" condition-coverage="100% (10/10)"><conditions><condition number="0" type="jump" coverage="100%"/></conditions></line><line number="312" hits="1917" branch="false"/><line number="313" hits="1917" branch="false"/><line number="314" hits="1917" branch="false"/><line number="315" hits="1917" branch="false"/><line number="318" hits="7314" branch="true" condition-coverage="75% (12/16)"><conditions><condition number="0" type="jump" coverage="75%"/></conditions></line><line number="320" hits="90" branch="false"/><line number="321" hits="90" branch="false"/><line number="322" hits="90" branch="false"/><line number="323" hits="90" branch="false"/><line number="326" hits="15007" branch="false"/><line number="328" hits="7224" branch="false"/><line number="330" hits="7224" branch="false"/><line number="333" hits="14448" branch="true" condition-coverage="50% (1/2)"><conditions><condition number="0" type="jump" coverage="50%"/></conditions></line><line number="334" hits="14643" branch="true" condition-coverage="100% (2/2)"><conditions><condition number="0" type="jump" coverage="100%"/></conditions></line><line number="336" hits="12289" branch="true" condition-coverage="75% (3/4)"><conditions><condition number="0" type="jump" coverage="75%"/></conditions></line><line number="338" hits="7419" branch="true" condition-coverage="50% (2/4)"><conditions><condition number="0" type="jump" coverage="50%"/></conditions></line><line number="342" hits="4870" branch="false"/><line number="346" hits="7224" branch="false"/><line number="348" hits="7224" branch="true" condition-coverage="100% (2/2)"><conditions><condition number="0" type="jump" coverage="100%"/></conditions></line><line number="350" hits="693" branch="false"/><line number="351" hits="693" branch="false"/><line number="352" hits="693" branch="false"/><line number="354" hits="6531" branch="true" condition-coverage="100% (2/2)"><conditions><condition number="0" type="jump" coverage="100%"/></conditions></line><line number="356" hits="441" branch="false"/><line number="357" hits="441" branch="false"/><line number="358" hits="441" branch="false"/><line number="362" hits="6090" branch="false"/><line number="364" hits="7224" branch="false"/><line number="366" hits="6090" branch="false"/><line number="368" hits="6090" branch="false"/><line number="371" hits="6090" branch="true" condition-coverage="71% (10/14)"><conditions><condition number="0" type="jump" coverage="71%"/></conditions></line><line number="373" hits="4783" branch="false"/><line number="374" hits="4783" branch="false"/><line number="376" hits="12317" branch="true" condition-coverage="100% (2/2)"><conditions><condition number="0" type="jump" coverage="100%"/></conditions></line><line number="378" hits="7609" branch="true" condition-coverage="71% (10/14)"><conditions><condition number="0" type="jump" coverage="71%"/></conditions></line><line number="380" hits="6809" branch="false"/><line number="381" hits="6809" branch="true" condition-coverage="75% (9/12)"><conditions><condition number="0" type="jump" coverage="75%"/></conditions></line><line number="383" hits="111" branch="false"/><line number="385" hits="6698" branch="true" condition-coverage="75% (9/12)"><conditions><condition number="0" type="jump" coverage="75%"/></conditions></line><line number="387" hits="15" branch="false"/><line number="388" hits="15" branch="false"/><line number="391" hits="800" branch="true" condition-coverage="100% (2/2)"><conditions><condition number="0" type="jump" coverage="100%"/></conditions></line><line number="393" hits="105" branch="true" condition-coverage="66% (8/12)"><conditions><condition number="0" type="jump" coverage="66%"/></conditions></line><line number="395" hits="45" branch="false"/><line number="396" hits="45" branch="false"/><line number="398" hits="60" branch="true" condition-coverage="50% (10/20)"><conditions><condition number="0" type="jump" coverage="50%"/></conditions></line><line number="400" hits="60" branch="false"/><line number="401" hits="60" branch="false"/><line number="406" hits="4783" branch="true" condition-coverage="100% (2/2)"><conditions><condition number="0" type="jump" coverage="100%"/></conditions></line><line number="408" hits="4708" branch="false"/><line number="409" hits="4708" branch="false"/><line number="410" hits="4708" branch="false"/><line number="411" hits="4708" branch="false"/><line number="415" hits="75" branch="false"/><line number="420" hits="1307" branch="false"/><line number="422" hits="6090" branch="false"/><line number="424" hits="1382" branch="false"/><line number="426" hits="1382" branch="false"/><line number="428" hits="4451" branch="true" condition-coverage="100% (2/2)"><conditions><condition number="0" type="jump" coverage="100%"/></conditions></line><line number="434" hits="3069" branch="true" condition-coverage="83% (5/6)"><conditions><condition number="0" type="jump" coverage="83%"/></conditions></line><line number="436" hits="2739" branch="false"/><line number="440" hits="1382" branch="false"/><line number="441" hits="1382" branch="false"/><line number="442" hits="1451" branch="true" condition-coverage="50% (2/4)"><conditions><condition number="0" type="jump" coverage="50%"/></conditions></line></lines></class><class name="expression_hpp" filename="expression.hpp" line-rate="1.0" branch-rate="0.5" complexity="0.0"><methods/><lines><line number="39" hits="44" branch="false"/><line number="41" hits="88" branch="true" condition-coverage="50% (2/4)"><conditions><condition number="0" type="jump" coverage="50%"/></conditions></line><line number="42" hits="88" branch="false"/><line number="68" hits="1006200" branch="false"/><line number="79" hits="1006200" branch="false"/><line number="88" hits="801302" branch="true" condition-coverage="50% (2/4)"><conditions><condition number="0" type="jump" coverage="50%"/></conditions></line><line number="93" hits="129687" branch="false"/><line number="94" hits="129687" branch="false"/><line number="95" hits="129687" branch="false"/><line number="96" hits="129687" branch="false"/><line number="98" hits="3" branch="false"/></lines></class><class name="interpreter_cpp" filename="interpreter.cpp" line-rate="0.9738562091503268" branch-rate="0.5915178571428571" complexity="0.0"><methods/><lines><line number="14" hits="2268" branch="false"/><line number="16" hits="2149" branch="false"/><line number="19" hits="4298" branch="false"/><line number="24" hits="2149" branch="true" condition-coverage="100% (2/2)"><conditions><condition number="0" type="jump" coverage="100%"/></conditions></line><line number="26" hits="2005" branch="true" condition-coverage="100% (2/2)"><conditions><condition number="0" type="jump" coverage="100%"/></conditions></line><line number="28" hits="28" branch="true" condition-coverage="50% (2/4)"><conditions><condition number="0" type="jump" coverage="50%"/></conditions></line><line number="31" hits="344" branch="false"/><line number="33" hits="172" branch="false"/><line number="36" hits="1977" branch="false"/><line number="39" hits="14098" branch="false"/><line number="41" hits="14098" branch="true" condition-coverage="100% (2/2)"><conditions><condition number="0" type="jump" coverage="100%"/></conditions></line><line number="43" hits="32" branch="true" condition-coverage="50% (1/2)"><conditions><condition number="0" type="jump" coverage="50%"/></conditions></line><line number="46" hits="14066" branch="true" condition-coverage="75% (6/8)"><conditions><condition number="0" type="jump" coverage="75%"/></conditions></line><line number="48" hits="42" branch="true" condition-coverage="50% (1/2)"><conditions><condition number="0" type="jump" coverage="50%"/></conditions></line><line number="51" hits="28048" branch="false"/><line number="52" hits="28048" branch="true" condition-coverage="50% (1/2)"><conditions><condition number="0" type="jump" coverage="50%"/></conditions></line><line number="54" hits="14024" branch="false"/><line number="56" hits="14024" branch="true" condition-coverage="100% (2/2)"><conditions><condition number="0" type="jump" coverage="100%"/></conditions></line><line number="58" hits="8466" branch="false"/><line number="59" hits="8466" branch="false"/><line number="62" hits="4233" branch="true" condition-coverage="50% (1/2)"><conditions><condition number="0" type="jump" coverage="50%"/></conditions></line><line number="64" hits="4233" branch="false"/><line number="66" hits="27991" branch="true" condition-coverage="75% (3/4)"><conditions><condition number="0" type="jump" coverage="75%"/></conditions></line><line number="68" hits="11949" branch="false"/><line number="69" hits="23898" branch="false"/><line number="70" hits="11949" branch="true" condition-coverage="100% (2/2)"><conditions><condition number="0" type="jump" coverage="100%"/></conditions></line><line number="72" hits="11879" branch="true" condition-coverage="50% (1/2)"><conditions><condition number="0" type="jump" coverage="50%"/></conditions></line><line number="75" hits="4163" branch="true" condition-coverage="100% (2/2)"><conditions><condition number="0" type="jump" coverage="100%"/></conditions></line><line number="77" hits="42" branch="true" condition-coverage="50% (1/2)"><conditions><condition number="0" type="jump" coverage="50%"/></conditions></line><line number="80" hits="4121" branch="true" condition-coverage="50% (1/2)"><conditions><condition number="0" type="jump" coverage="50%"/></conditions></line><line number="82" hits="4121" branch="false"/><line number="84" hits="4121" branch="false"/><line number="86" hits="9791" branch="true" condition-coverage="100% (2/2)"><conditions><condition number="0" type="jump" coverage="100%"/></conditions></line><line number="88" hits="14" branch="true" condition-coverage="50% (1/2)"><conditions><condition number="0" type="jump" coverage="50%"/></conditions></line><line number="91" hits="19554" branch="false"/><line number="92" hits="9777" branch="true" condition-coverage="75% (3/4)"><conditions><condition number="0" type="jump" coverage="75%"/></conditions></line><line number="94" hits="9763" branch="false"/><line number="97" hits="14" branch="true" condition-coverage="50% (1/2)"><conditions><condition number="0" type="jump" coverage="50%"/></conditions></line><line number="100" hits="1907" branch="false"/><line number="104" hits="1907" branch="false"/><line number="105" hits="1907" branch="false"/><line number="107" hits="2768" branch="true" condition-coverage="75% (3/4)"><conditions><condition number="0" type="jump" coverage="75%"/></conditions></line><line number="109" hits="1046" branch="false"/><line number="112" hits="13840" branch="false"/><line number="115" hits="27680" branch="true" condition-coverage="50% (2/4)"><conditions><condition number="0" type="jump" coverage="50%"/></conditions></line><line number="117" hits="27680" branch="false"/><line number="119" hits="13840" branch="true" condition-coverage="100% (2/2)"><conditions><condition number="0" type="jump" coverage="100%"/></conditions></line><line number="121" hits="5049" branch="false"/><line number="124" hits="8959" branch="true" condition-coverage="75% (3/4)"><conditions><condition number="0" type="jump" coverage="75%"/></conditions></line><line number="126" hits="8623" branch="false"/><line number="128" hits="8623" branch="true" condition-coverage="100% (2/2)"><conditions><condition number="0" type="jump" coverage="100%"/></conditions></line><line number="130" hits="632" branch="false"/><line number="134" hits="7991" branch="true" condition-coverage="62% (10/16)"><conditions><condition number="0" type="jump" coverage="62%"/></conditions></line><line number="136" hits="14" branch="true" condition-coverage="50% (2/4)"><conditions><condition number="0" type="jump" coverage="50%"/></conditions></line><line number="139" hits="7977" branch="true" condition-coverage="100% (2/2)"><conditions><condition number="0" type="jump" coverage="100%"/></conditions></line><line number="141" hits="2617" branch="true" condition-coverage="50% (2/4)"><conditions><condition number="0" type="jump" coverage="50%"/></conditions></line><line number="146" hits="15954" branch="false"/><line number="151" hits="15880" branch="true" condition-coverage="100% (2/2)"><conditions><condition number="0" type="jump" coverage="100%"/></conditions></line><line number="153" hits="7903" branch="true" condition-coverage="50% (3/6)"><conditions><condition number="0" type="jump" coverage="50%"/></conditions></line><line number="159" hits="7977" branch="true" condition-coverage="100% (2/2)"><conditions><condition number="0" type="jump" coverage="100%"/></conditions></line><line number="161" hits="3303" branch="true" condition-coverage="83% (5/6)"><conditions><condition number="0" type="jump" coverage="83%"/></conditions></line><line number="164" hits="5360" branch="false"/><line number="167" hits="14" branch="false"/><line number="169" hits="14" branch="false"/><line number="171" hits="28" branch="true" condition-coverage="50% (1/2)"><conditions><condition number="0" type="jump" coverage="50%"/></conditions></line><line number="178" hits="14" branch="true" condition-coverage="50% (5/10)"><conditions><condition number="0" type="jump" coverage="50%"/></conditions></line><line number="179" hits="14" branch="true" condition-coverage="50% (5/10)"><conditions><condition number="0" type="jump" coverage="50%"/></conditions></line><line number="180" hits="14" branch="true" condition-coverage="50% (5/10)"><conditions><condition number="0" type="jump" coverage="50%"/></conditions></line><line number="181" hits="14" branch="true" condition-coverage="50% (5/10)"><conditions><condition number="0" type="jump" coverage="50%"/></conditions></line><line number="185" hits="14" branch="true" condition-coverage="50% (4/8)"><conditions><condition number="0" type="jump" coverage="50%"/></conditions></line><line number="186" hits="14" branch="true" condition-coverage="50% (4/8)"><conditions><condition number="0" type="jump" coverage="50%"/></conditions></line><line number="187" hits="14" branch="true" condition-coverage="50% (4/8)"><conditions><condition number="0" type="jump" coverage="50%"/></conditions></line><line number="188" hits="14" branch="true" condition-coverage="50% (4/8)"><conditions><condition number="0" type="jump" coverage="50%"/></conditions></line><line number="189" hits="14" branch="true" condition-coverage="50% (4/8)"><conditions><condition number="0" type="jump" coverage="50%"/></conditions></line><line number="190" hits="14" branch="true" condition-coverage="50% (4/8)"><conditions><condition number="0" type="jump" coverage="50%"/></conditions></line><line number="191" hits="14" branch="true" condition-coverage="50% (4/8)"><conditions><condition number="0" type="jump" coverage="50%"/></conditions></line><line number="192" hits="14" branch="true" condition-coverage="50% (4/8)"><conditions><condition number="0" type="jump" coverage="50%"/></conditions></line><line number="193" hits="14" branch="true" condition-coverage="50% (4/8)"><conditions><condition number="0" type="jump" coverage="50%"/></conditions></line><line number="194" hits="14" branch="true" condition-coverage="50% (4/8)"><conditions><condition number="0" type="jump" coverage="50%"/></conditions></line><line number="195" hits="14" branch="true" condition-coverage="50% (4/8)"><conditions><condition number="0" type="jump" coverage="50%"/></conditions></line><line number="196" hits="14" branch="true" condition-coverage="50% (4/8)"><conditions><condition number="0" type="jump" coverage="50%"/></conditions></line><line number="197" hits="14" branch="true" condition-coverage="50% (4/8)"><conditions><condition number="0" type="jump" coverage="50%"/></conditions></line><line number="198" hits="14" branch="true" condition-coverage="50% (4/8)"><conditions><condition number="0" type="jump" coverage="50%"/></conditions></line><line number="199" hits="14" branch="true" condition-coverage="50% (4/8)"><conditions><condition number="0" type="jump" coverage="50%"/></conditions></line><line number="200" hits="14" branch="true" condition-coverage="50% (4/8)"><conditions><condition number="0" type="jump" coverage="50%"/></conditions></line><line number="201" hits="14" branch="true" condition-coverage="50% (4/8)"><conditions><condition number="0" type="jump" coverage="50%"/></conditions></line><line number="202" hits="14" branch="true" condition-coverage="50% (4/8)"><conditions><condition number="0" type="jump" coverage="50%"/></conditions></line><line number="203" hits="14" branch="true" condition-coverage="50% (4/8)"><conditions><condition number="0" type="jump" coverage="50%"/></conditions></line><line number="204" hits="14" branch="true" condition-coverage="50% (4/8)"><conditions><condition number="0" type="jump" coverage="50%"/></conditions></line><line number="208" hits="14" branch="true" condition-coverage="50% (5/10)"><conditions><condition number="0" type="jump" coverage="50%"/></conditions></line><line number="209" hits="14" branch="false"/><line number="211" hits="13840" branch="false"/><line number="213" hits="13840" branch="true" condition-coverage="100% (2/2)"><conditions><condition number="0" type="jump" coverage="100%"/></conditions></line><line number="215" hits="598" branch="true" condition-coverage="66% (4/6)"><conditions><condition number="0" type="jump" coverage="66%"/></conditions></line><line number="217" hits="430" branch="true" condition-coverage="50% (2/4)"><conditions><condition number="0" type="jump" coverage="50%"/></conditions></line><line number="220" hits="13410" branch="true" condition-coverage="100% (2/2)"><conditions><condition number="0" type="jump" coverage="100%"/></conditions></line><line number="222" hits="3767" branch="false"/><line number="224" hits="9643" branch="true" condition-coverage="100% (2/2)"><conditions><condition number="0" type="jump" coverage="100%"/></conditions></line><line number="226" hits="852" branch="false"/><line number="228" hits="8791" branch="true" condition-coverage="50% (1/2)"><conditions><condition number="0" type="jump" coverage="50%"/></conditions></line><line number="230" hits="0" branch="false"/><line number="232" hits="8791" branch="true" condition-coverage="50% (1/2)"><conditions><condition number="0" type="jump" coverage="50%"/></conditions></line><line number="234" hits="0" branch="false"/><line number="236" hits="8791" branch="true" condition-coverage="50% (1/2)"><conditions><condition number="0" type="jump" coverage="50%"/></conditions></line><line number="238" hits="0" branch="false"/><line number="241" hits="17582" branch="false"/><line number="242" hits="8791" branch="false"/><line number="245" hits="120" branch="false"/><line number="248" hits="791" branch="true" condition-coverage="100% (2/2)"><conditions><condition number="0" type="jump" coverage="100%"/></conditions></line><line number="250" hits="671" branch="true" condition-coverage="50% (1/2)"><conditions><condition number="0" type="jump" coverage="50%"/></conditions></line><line number="254" hits="127" branch="true" condition-coverage="100% (2/2)"><conditions><condition number="0" type="jump" coverage="100%"/></conditions></line><line number="257" hits="346" branch="false"/><line number="259" hits="346" branch="true" condition-coverage="100% (2/2)"><conditions><condition number="0" type="jump" coverage="100%"/></conditions></line><line number="261" hits="14" branch="true" condition-coverage="50% (2/4)"><conditions><condition number="0" type="jump" coverage="50%"/></conditions></line><line number="264" hits="332" branch="true" condition-coverage="100% (2/2)"><conditions><condition number="0" type="jump" coverage="100%"/></conditions></line><line number="266" hits="70" branch="true" condition-coverage="50% (2/4)"><conditions><condition number="0" type="jump" coverage="50%"/></conditions></line><line number="269" hits="262" branch="true" condition-coverage="75% (3/4)"><conditions><condition number="0" type="jump" coverage="75%"/></conditions></line><line number="271" hits="42" branch="true" condition-coverage="50% (2/4)"><conditions><condition number="0" type="jump" coverage="50%"/></conditions></line><line number="272" hits="21" branch="true" condition-coverage="50% (1/2)"><conditions><condition number="0" type="jump" coverage="50%"/></conditions></line><line number="279" hits="241" branch="true" condition-coverage="50% (1/2)"><conditions><condition number="0" type="jump" coverage="50%"/></conditions></line><line number="282" hits="241" branch="true" condition-coverage="50% (3/6)"><conditions><condition number="0" type="jump" coverage="50%"/></conditions></line><line number="284" hits="241" branch="false"/><line number="287" hits="118" branch="false"/><line number="289" hits="118" branch="true" condition-coverage="100% (2/2)"><conditions><condition number="0" type="jump" coverage="100%"/></conditions></line><line number="291" hits="42" branch="true" condition-coverage="50% (2/4)"><conditions><condition number="0" type="jump" coverage="50%"/></conditions></line><line number="295" hits="152" branch="true" condition-coverage="50% (2/4)"><conditions><condition number="0" type="jump" coverage="50%"/></conditions></line><line number="297" hits="76" branch="true" condition-coverage="50% (1/2)"><conditions><condition number="0" type="jump" coverage="50%"/></conditions></line><line number="301" hits="76" branch="true" condition-coverage="100% (2/2)"><conditions><condition number="0" type="jump" coverage="100%"/></conditions></line><line number="303" hits="62" branch="true" condition-coverage="50% (2/4)"><conditions><condition number="0" type="jump" coverage="50%"/></conditions></line><line number="307" hits="14" branch="true" condition-coverage="50% (1/2)"><conditions><condition number="0" type="jump" coverage="50%"/></conditions></line><line number="309" hits="14" branch="true" condition-coverage="50% (2/4)"><conditions><condition number="0" type="jump" coverage="50%"/></conditions></line><line number="313" hits="0" branch="true" condition-coverage="0% (0/4)"><conditions><condition number="0" type="jump" coverage="0%"/></conditions></line><line number="316" hits="216" branch="false"/><line number="320" hits="216" branch="true" condition-coverage="100% (2/2)"><conditions><condition number="0" type="jump" coverage="100%"/></conditions></line><line number="322" hits="14" branch="true" condition-coverage="50% (2/4)"><conditions><condition number="0" type="jump" coverage="50%"/></conditions></line><line number="326" hits="431" branch="true" condition-coverage="100% (2/2)"><conditions><condition number="0" type="jump" coverage="100%"/></conditions></line><line number="328" hits="229" branch="true" condition-coverage="50% (2/4)"><conditions><condition number="0" type="jump" coverage="50%"/></conditions></line><line number="331" hits="202" branch="false"/><line number="332" hits="202" branch="false"/><line number="334" hits="202" branch="false"/><line number="337" hits="8791" branch="false"/><line number="339" hits="8791" branch="true" condition-coverage="100% (2/2)"><conditions><condition number="0" type="jump" coverage="100%"/></conditions></line><line number="341" hits="127" branch="true" condition-coverage="75% (3/4)"><conditions><condition number="0" type="jump" coverage="75%"/></conditions></line><line number="343" hits="8671" branch="true" condition-coverage="100% (2/2)"><conditions><condition number="0" type="jump" coverage="100%"/></conditions></line><line number="345" hits="451" branch="true" condition-coverage="75% (3/4)"><conditions><condition number="0" type="jump" coverage="75%"/></conditions></line><line number="347" hits="8325" branch="true" condition-coverage="100% (2/2)"><conditions><condition number="0" type="jump" coverage="100%"/></conditions></line><line number="349" hits="160" branch="true" condition-coverage="75% (3/4)"><conditions><condition number="0" type="jump" coverage="75%"/></conditions></line><line number="351" hits="8207" branch="true" condition-coverage="100% (2/2)"><conditions><condition number="0" type="jump" coverage="100%"/></conditions></line><line number="353" hits="230" branch="true" condition-coverage="75% (3/4)"><conditions><condition number="0" type="jump" coverage="75%"/></conditions></line><line number="356" hits="15982" branch="false"/><line number="357" hits="7991" branch="false"/><line number="358" hits="7991" branch="false"/><line number="359" hits="63" branch="true" condition-coverage="50% (2/4)"><conditions><condition number="0" type="jump" coverage="50%"/></conditions></line></lines></class><class name="interpreter_hpp" filename="interpreter.hpp" line-rate="1.0" branch-rate="0.0" complexity="0.0"><methods/><lines><line number="18" hits="576" branch="false"/><line number="36" hits="6" branch="false"/><line number="38" hits="6" branch="false"/><line number="41" hits="96" branch="false"/><line number="43" hits="96" branch="false"/><line number="46" hits="96" branch="false"/><line number="48" hits="96" branch="false"/><line number="49" hits="96" branch="false"/><line number="51" hits="117" branch="false"/><line number="53" hits="117" branch="false"/><line number="54" hits="117" branch="false"/><line number="55" hits="117" branch="false"/></lines></class><class name="interpreter_semantic_error_hpp" filename="interpreter_semantic_error.hpp" line-rate="1.0" branch-rate="0.0" complexity="0.0"><methods/><lines><line number="7" hits="2037" branch="false"/><line number="9" hits="939" branch="false"/></lines></class><class name="main_window_cpp" filename="main_window.cpp" line-rate="1.0" branch-rate="0.5303030303030303" complexity="0.0"><methods/><lines><line number="13" hits="3" branch="true" condition-coverage="50% (2/4)"><conditions><condition number="0" type="jump" coverage="50%"/></conditions></line><line number="15" hits="3" branch="false"/><line number="17" hits="27" branch="true" condition-coverage="50% (2/4)"><conditions><condition number="0" type="jump" coverage="50%"/></conditions></line><line number="21" hits="27" branch="true" condition-coverage="50% (2/4)"><conditions><condition number="0" type="jump" coverage="50%"/></conditions></line><line number="22" hits="27" branch="true" condition-coverage="50% (2/4)"><conditions><condition number="0" type="jump" coverage="50%"/></conditions></line><line number="23" hits="27" branch="true" condition-coverage="50% (2/4)"><conditions><condition number="0" type="jump" coverage="50%"/></conditions></line><line number="24" hits="27" branch="true" condition-coverage="50% (2/4)"><conditions><condition number="0" type="jump" coverage="50%"/></conditions></line><line number="26" hits="27" branch="true" condition-coverage="50% (2/4)"><conditions><condition number="0" type="jump" coverage="50%"/></conditions></line><line number="29" hits="27" branch="true" condition-coverage="50% (2/4)"><conditions><condition number="0" type="jump" coverage="50%"/></conditions></line><line number="30" hits="27" branch="true" condition-coverage="50% (1/2)"><conditions><condition number="0" type="jump" coverage="50%"/></conditions></line><line number="31" hits="27" branch="true" condition-coverage="50% (1/2)"><conditions><condition number="0" type="jump" coverage="50%"/></conditions></line><line number="32" hits="27" branch="true" condition-coverage="50% (1/2)"><conditions><condition number="0" type="jump" coverage="50%"/></conditions></line><line number="34" hits="27" branch="true" condition-coverage="50% (1/2)"><conditions><condition number="0" type="jump" coverage="50%"/></conditions></line><line number="35" hits="27" branch="true" condition-coverage="50% (2/4)"><conditions><condition number="0" type="jump" coverage="50%"/></conditions></line><line number="37" hits="54" branch="true" condition-coverage="50% (1/2)"><conditions><condition number="0" type="jump" coverage="50%"/></conditions></line><line number="39" hits="27" branch="true" condition-coverage="100% (2/2)"><conditions><condition number="0" type="jump" coverage="100%"/></conditions></line><line number="41" hits="24" branch="true" condition-coverage="50% (1/2)"><conditions><condition number="0" type="jump" coverage="50%"/></conditions></line><line number="45" hits="27" branch="true" condition-coverage="50% (1/2)"><conditions><condition number="0" type="jump" coverage="50%"/></conditions></line><line number="48" hits="27" branch="true" condition-coverage="50% (1/2)"><conditions><condition number="0" type="jump" coverage="50%"/></conditions></line><line number="51" hits="27" branch="true" condition-coverage="50% (1/2)"><conditions><condition number="0" type="jump" coverage="50%"/></conditions></line><line number="54" hits="27" branch="true" condition-coverage="50% (1/2)"><conditions><condition number="0" type="jump" coverage="50%"/></conditions></line><line number="58" hits="27" branch="true" condition-coverage="100% (2/2)"><conditions><condition number="0" type="jump" coverage="100%"/></conditions></line><line number="60" hits="24" branch="true" condition-coverage="50% (1/2)"><conditions><condition number="0" type="jump" coverage="50%"/></conditions
[...]
"/><line number="69" hits="6166" branch="false"/><line number="71" hits="18553" branch="false"/><line number="73" hits="18553" branch="false"/><line number="75" hits="61176" branch="true" condition-coverage="100% (2/2)"><conditions><condition number="0" type="jump" coverage="100%"/></conditions></line><line number="77" hits="48807" branch="true" condition-coverage="100% (2/2)"><conditions><condition number="0" type="jump" coverage="100%"/></conditions></line><line number="79" hits="5317" branch="false"/><line number="82" hits="43490" branch="true" condition-coverage="100% (2/2)"><conditions><condition number="0" type="jump" coverage="100%"/></conditions></line><line number="84" hits="867" branch="true" condition-coverage="83% (5/6)"><conditions><condition number="0" type="jump" coverage="83%"/></conditions></line><line number="86" hits="38" branch="false"/><line number="87" hits="38" branch="false"/><line number="90" hits="867" branch="false"/><line number="92" hits="867" branch="false"/><line number="95" hits="42623" branch="true" condition-coverage="100% (6/6)"><conditions><condition number="0" type="jump" coverage="100%"/></conditions></line><line number="97" hits="1486" branch="false"/><line number="100" hits="41137" branch="true" condition-coverage="100% (6/6)"><conditions><condition number="0" type="jump" coverage="100%"/></conditions></line><line number="102" hits="10778" branch="true" condition-coverage="100% (2/2)"><conditions><condition number="0" type="jump" coverage="100%"/></conditions></line><line number="104" hits="4392" branch="false"/><line number="105" hits="4392" branch="false"/><line number="107" hits="10778" branch="true" condition-coverage="50% (1/2)"><conditions><condition number="0" type="jump" coverage="50%"/></conditions></line><line number="111" hits="30359" branch="false"/><line number="114" hits="18649" branch="true" condition-coverage="50% (2/4)"><conditions><condition number="0" type="jump" coverage="50%"/></conditions></line></lines></class><class name="unittests_cpp" filename="unittests.cpp" line-rate="1.0" branch-rate="0.4411764705882353" complexity="0.0"><methods/><lines><line number="11" hits="6" branch="true" condition-coverage="50% (2/4)"><conditions><condition number="0" type="jump" coverage="50%"/></conditions></line><line number="16" hits="6" branch="true" condition-coverage="50% (5/10)"><conditions><condition number="0" type="jump" coverage="50%"/></conditions></line><line number="18" hits="6" branch="true" condition-coverage="50% (1/2)"><conditions><condition number="0" type="jump" coverage="50%"/></conditions></line><line number="19" hits="6" branch="true" condition-coverage="50% (1/2)"><conditions><condition number="0" type="jump" coverage="50%"/></conditions></line><line number="21" hits="6" branch="true" condition-coverage="50% (1/2)"><conditions><condition number="0" type="jump" coverage="50%"/></conditions></line><line number="22" hits="6" branch="true" condition-coverage="50% (1/2)"><conditions><condition number="0" type="jump" coverage="50%"/></conditions></line><line number="24" hits="3" branch="false"/><line number="25" hits="3" branch="false"/><line number="27" hits="6" branch="false"/><line number="28" hits="3" branch="false"/><line number="29" hits="3" branch="false"/><line number="30" hits="3" branch="false"/><line number="31" hits="3" branch="false"/><line number="33" hits="6" branch="true" condition-coverage="50% (1/2)"><conditions><condition number="0" type="jump" coverage="50%"/></conditions></line><line number="34" hits="6" branch="true" condition-coverage="50% (1/2)"><conditions><condition number="0" type="jump" coverage="50%"/></conditions></line><line number="36" hits="3" branch="true" condition-coverage="40% (9/22)"><conditions><condition number="0" type="jump" coverage="40%"/></conditions></line><line number="37" hits="3" branch="true" condition-coverage="40% (9/22)"><conditions><condition number="0" type="jump" coverage="40%"/></conditions></line><line number="38" hits="3" branch="false"/><line number="40" hits="6" branch="true" condition-coverage="50% (2/4)"><conditions><condition number="0" type="jump" coverage="50%"/></conditions></line><line number="80" hits="6" branch="true" condition-coverage="50% (40/80)"><conditions><condition number="0" type="jump" coverage="50%"/></conditions></line><line number="82" hits="114" branch="true" condition-coverage="75% (3/4)"><conditions><condition number="0" type="jump" coverage="75%"/></conditions></line><line number="84" hits="222" branch="true" condition-coverage="50% (1/2)"><conditions><condition number="0" type="jump" coverage="50%"/></conditions></line><line number="86" hits="222" branch="true" condition-coverage="50% (1/2)"><conditions><condition number="0" type="jump" coverage="50%"/></conditions></line><line number="88" hits="111" branch="false"/><line number="90" hits="111" branch="true" condition-coverage="36% (11/30)"><conditions><condition number="0" type="jump" coverage="36%"/></conditions></line><line number="92" hits="3" branch="false"/><line number="94" hits="6" branch="true" condition-coverage="50% (2/4)"><conditions><condition number="0" type="jump" coverage="50%"/></conditions></line><line number="110" hits="6" branch="true" condition-coverage="50% (16/32)"><conditions><condition number="0" type="jump" coverage="50%"/></conditions></line><line number="115" hits="6" branch="true" condition-coverage="50% (5/10)"><conditions><condition number="0" type="jump" coverage="50%"/></conditions></line><line number="117" hits="42" branch="true" condition-coverage="75% (3/4)"><conditions><condition number="0" type="jump" coverage="75%"/></conditions></line><line number="119" hits="78" branch="true" condition-coverage="50% (1/2)"><conditions><condition number="0" type="jump" coverage="50%"/></conditions></line><line number="121" hits="78" branch="true" condition-coverage="50% (1/2)"><conditions><condition number="0" type="jump" coverage="50%"/></conditions></line><line number="123" hits="39" branch="false"/><line number="125" hits="39" branch="true" condition-coverage="36% (11/30)"><conditions><condition number="0" type="jump" coverage="36%"/></conditions></line><line number="128" hits="9" branch="true" condition-coverage="75% (3/4)"><conditions><condition number="0" type="jump" coverage="75%"/></conditions></line><line number="130" hits="12" branch="true" condition-coverage="50% (1/2)"><conditions><condition number="0" type="jump" coverage="50%"/></conditions></line><line number="132" hits="12" branch="true" condition-coverage="50% (1/2)"><conditions><condition number="0" type="jump" coverage="50%"/></conditions></line><line number="134" hits="6" branch="false"/><line number="136" hits="6" branch="true" condition-coverage="38% (7/18)"><conditions><condition number="0" type="jump" coverage="38%"/></conditions></line><line number="138" hits="3" branch="false"/><line number="140" hits="6" branch="true" condition-coverage="50% (2/4)"><conditions><condition number="0" type="jump" coverage="50%"/></conditions></line><line number="142" hits="6" branch="true" condition-coverage="50% (1/2)"><conditions><condition number="0" type="jump" coverage="50%"/></conditions></line><line number="143" hits="6" branch="true" condition-coverage="50% (1/2)"><conditions><condition number="0" type="jump" coverage="50%"/></conditions></line><line number="145" hits="6" branch="true" condition-coverage="50% (1/2)"><conditions><condition number="0" type="jump" coverage="50%"/></conditions></line><line number="147" hits="3" branch="false"/><line number="149" hits="6" branch="false"/><line number="151" hits="3" branch="true" condition-coverage="50% (1/2)"><conditions><condition number="0" type="jump" coverage="50%"/></conditions></line><line number="155" hits="6" branch="true" condition-coverage="50% (3/6)"><conditions><condition number="0" type="jump" coverage="50%"/></conditions></line><line number="157" hits="3" branch="true" condition-coverage="40% (8/20)"><conditions><condition number="0" type="jump" coverage="40%"/></conditions></line><line number="158" hits="3" branch="true" condition-coverage="40% (8/20)"><conditions><condition number="0" type="jump" coverage="40%"/></conditions></line><line number="160" hits="3" branch="true" condition-coverage="50% (1/2)"><conditions><condition number="0" type="jump" coverage="50%"/></conditions></line><line number="164" hits="3" branch="true" condition-coverage="38% (13/34)"><conditions><condition number="0" type="jump" coverage="38%"/></conditions></line><line number="165" hits="3" branch="false"/><line number="167" hits="6" branch="true" condition-coverage="50% (2/4)"><conditions><condition number="0" type="jump" coverage="50%"/></conditions></line><line number="170" hits="6" branch="false"/><line number="172" hits="6" branch="false"/><line number="174" hits="3" branch="true" condition-coverage="50% (1/2)"><conditions><condition number="0" type="jump" coverage="50%"/></conditions></line><line number="175" hits="3" branch="true" condition-coverage="40% (8/20)"><conditions><condition number="0" type="jump" coverage="40%"/></conditions></line><line number="177" hits="3" branch="true" condition-coverage="50% (1/2)"><conditions><condition number="0" type="jump" coverage="50%"/></conditions></line><line number="178" hits="3" branch="true" condition-coverage="40% (8/20)"><conditions><condition number="0" type="jump" coverage="40%"/></conditions></line><line number="179" hits="3" branch="false"/><line number="181" hits="6" branch="true" condition-coverage="50% (2/4)"><conditions><condition number="0" type="jump" coverage="50%"/></conditions></line><line number="189" hits="6" branch="false"/><line number="190" hits="6" branch="false"/><line number="193" hits="3" branch="true" condition-coverage="40% (8/20)"><conditions><condition number="0" type="jump" coverage="40%"/></conditions></line><line number="195" hits="6" branch="true" condition-coverage="50% (1/2)"><conditions><condition number="0" type="jump" coverage="50%"/></conditions></line><line number="198" hits="6" branch="true" condition-coverage="50% (1/2)"><conditions><condition number="0" type="jump" coverage="50%"/></conditions></line><line number="199" hits="6" branch="true" condition-coverage="50% (1/2)"><conditions><condition number="0" type="jump" coverage="50%"/></conditions></line><line number="202" hits="3" branch="true" condition-coverage="40% (8/20)"><conditions><condition number="0" type="jump" coverage="40%"/></conditions></line><line number="204" hits="3" branch="false"/><line number="207" hits="6" branch="true" condition-coverage="50% (1/2)"><conditions><condition number="0" type="jump" coverage="50%"/></conditions></line><line number="208" hits="6" branch="true" condition-coverage="50% (1/2)"><conditions><condition number="0" type="jump" coverage="50%"/></conditions></line><line number="211" hits="3" branch="true" condition-coverage="40% (8/20)"><conditions><condition number="0" type="jump" coverage="40%"/></conditions></line><line number="213" hits="3" branch="false"/><line number="216" hits="6" branch="true" condition-coverage="50% (1/2)"><conditions><condition number="0" type="jump" coverage="50%"/></conditions></line><line number="217" hits="6" branch="true" condition-coverage="50% (1/2)"><conditions><condition number="0" type="jump" coverage="50%"/></conditions></line><line number="220" hits="3" branch="true" condition-coverage="40% (8/20)"><conditions><condition number="0" type="jump" coverage="40%"/></conditions></line><line number="222" hits="6" branch="false"/><line number="223" hits="3" branch="false"/><line number="224" hits="3" branch="true" condition-coverage="50% (1/2)"><conditions><condition number="0" type="jump" coverage="50%"/></conditions></line><line number="227" hits="3" branch="true" condition-coverage="40% (8/20)"><conditions><condition number="0" type="jump" coverage="40%"/></conditions></line><line number="229" hits="6" branch="false"/><line number="230" hits="3" branch="false"/><line number="231" hits="3" branch="false"/><line number="233" hits="6" branch="false"/><line number="234" hits="3" branch="false"/><line number="235" hits="3" branch="false"/><line number="237" hits="3" branch="true" condition-coverage="40% (8/20)"><conditions><condition number="0" type="jump" coverage="40%"/></conditions></line><line number="240" hits="3" branch="true" condition-coverage="50% (1/2)"><conditions><condition number="0" type="jump" coverage="50%"/></conditions></line><line number="241" hits="3" branch="false"/><line number="243" hits="6" branch="true" condition-coverage="50% (2/4)"><conditions><condition number="0" type="jump" coverage="50%"/></conditions></line><line number="245" hits="6" branch="true" condition-coverage="50% (1/2)"><conditions><condition number="0" type="jump" coverage="50%"/></conditions></line><line number="246" hits="6" branch="true" condition-coverage="50% (1/2)"><conditions><condition number="0" type="jump" coverage="50%"/></conditions></line><line number="247" hits="6" branch="true" condition-coverage="50% (1/2)"><conditions><condition number="0" type="jump" coverage="50%"/></conditions></line><line number="248" hits="6" branch="true" condition-coverage="50% (1/2)"><conditions><condition number="0" type="jump" coverage="50%"/></conditions></line><line number="250" hits="6" branch="true" condition-coverage="50% (1/2)"><conditions><condition number="0" type="jump" coverage="50%"/></conditions></line><line number="251" hits="6" branch="true" condition-coverage="50% (1/2)"><conditions><condition number="0" type="jump" coverage="50%"/></conditions></line><line number="252" hits="6" branch="true" condition-coverage="50% (1/2)"><conditions><condition number="0" type="jump" coverage="50%"/></conditions></line><line number="253" hits="6" branch="true" condition-coverage="50% (1/2)"><conditions><condition number="0" type="jump" coverage="50%"/></conditions></line><line number="255" hits="6" branch="false"/><line number="257" hits="6" branch="true" condition-coverage="50% (1/2)"><conditions><condition number="0" type="jump" coverage="50%"/></conditions></line><line number="258" hits="6" branch="true" condition-coverage="50% (1/2)"><conditions><condition number="0" type="jump" coverage="50%"/></conditions></line><line number="259" hits="6" branch="true" condition-coverage="50% (1/2)"><conditions><condition number="0" type="jump" coverage="50%"/></conditions></line><line number="260" hits="6" branch="true" condition-coverage="50% (1/2)"><conditions><condition number="0" type="jump" coverage="50%"/></conditions></line><line number="262" hits="12" branch="true" condition-coverage="100% (2/2)"><conditions><condition number="0" type="jump" coverage="100%"/></conditions></line><line number="264" hits="9" branch="true" condition-coverage="100% (6/6)"><conditions><condition number="0" type="jump" coverage="100%"/></conditions></line><line number="266" hits="3" branch="true" condition-coverage="40% (8/20)"><conditions><condition number="0" type="jump" coverage="40%"/></conditions></line><line number="270" hits="6" branch="true" condition-coverage="100% (2/2)"><conditions><condition number="0" type="jump" coverage="100%"/></conditions></line><line number="272" hits="3" branch="true" condition-coverage="40% (8/20)"><conditions><condition number="0" type="jump" coverage="40%"/></conditions></line><line number="275" hits="3" branch="true" condition-coverage="40% (8/20)"><conditions><condition number="0" type="jump" coverage="40%"/></conditions></line><line number="277" hits="3" branch="true" condition-coverage="40% (8/20)"><conditions><condition number="0" type="jump" coverage="40%"/></conditions></line><line number="278" hits="3" branch="false"/><line number="280" hits="6" branch="true" condition-coverage="50% (2/4)"><conditions><condition number="0" type="jump" coverage="50%"/></conditions></line><line number="282" hits="3" branch="false"/><line number="283" hits="6" branch="true" condition-coverage="50% (2/4)"><conditions><condition number="0" type="jump" coverage="50%"/></conditions></line><line number="284" hits="3" branch="true" condition-coverage="40% (8/20)"><conditions><condition number="0" type="jump" coverage="40%"/></conditions></line><line number="286" hits="6" branch="true" condition-coverage="50% (1/2)"><conditions><condition number="0" type="jump" coverage="50%"/></conditions></line><line number="287" hits="6" branch="true" condition-coverage="50% (2/4)"><conditions><condition number="0" type="jump" coverage="50%"/></conditions></line><line number="288" hits="3" branch="true" condition-coverage="40% (8/20)"><conditions><condition number="0" type="jump" coverage="40%"/></conditions></line><line number="290" hits="3" branch="false"/><line number="291" hits="6" branch="true" condition-coverage="50% (2/4)"><conditions><condition number="0" type="jump" coverage="50%"/></conditions></line><line number="292" hits="3" branch="true" condition-coverage="40% (8/20)"><conditions><condition number="0" type="jump" coverage="40%"/></conditions></line><line number="294" hits="6" branch="false"/><line number="295" hits="3" branch="false"/><line number="296" hits="3" branch="true" condition-coverage="50% (1/2)"><conditions><condition number="0" type="jump" coverage="50%"/></conditions></line><line number="298" hits="6" branch="true" condition-coverage="50% (1/2)"><conditions><condition number="0" type="jump" coverage="50%"/></conditions></line><line number="299" hits="6" branch="true" condition-coverage="50% (1/2)"><conditions><condition number="0" type="jump" coverage="50%"/></conditions></line><line number="300" hits="3" branch="true" condition-coverage="40% (8/20)"><conditions><condition number="0" type="jump" coverage="40%"/></conditions></line><line number="302" hits="6" branch="false"/><line number="303" hits="3" branch="false"/><line number="304" hits="3" branch="false"/><line number="305" hits="3" branch="false"/><line number="307" hits="6" branch="true" condition-coverage="50% (1/2)"><conditions><condition number="0" type="jump" coverage="50%"/></conditions></line><line number="308" hits="6" branch="true" condition-coverage="50% (1/2)"><conditions><condition number="0" type="jump" coverage="50%"/></conditions></line><line number="310" hits="3" branch="true" condition-coverage="40% (8/20)"><conditions><condition number="0" type="jump" coverage="40%"/></conditions></line><line number="312" hits="6" branch="false"/><line number="313" hits="3" branch="false"/><line number="314" hits="3" branch="false"/><line number="315" hits="3" branch="false"/><line number="317" hits="3" branch="false"/><line number="318" hits="3" branch="false"/><line number="320" hits="6" branch="true" condition-coverage="50% (1/2)"><conditions><condition number="0" type="jump" coverage="50%"/></conditions></line><line number="321" hits="6" branch="true" condition-coverage="50% (1/2)"><conditions><condition number="0" type="jump" coverage="50%"/></conditions></line><line number="323" hits="3" branch="true" condition-coverage="40% (8/20)"><conditions><condition number="0" type="jump" coverage="40%"/></conditions></line><line number="325" hits="6" branch="false"/><line number="326" hits="3" branch="false"/><line number="327" hits="3" branch="false"/><line number="329" hits="3" branch="false"/><line number="330" hits="3" branch="false"/><line number="332" hits="3" branch="false"/><line number="333" hits="3" branch="false"/><line number="335" hits="6" branch="true" condition-coverage="50% (2/4)"><conditions><condition number="0" type="jump" coverage="50%"/></conditions></line><line number="337" hits="3" branch="true" condition-coverage="40% (8/20)"><conditions><condition number="0" type="jump" coverage="40%"/></conditions></line><line number="338" hits="12" branch="true" condition-coverage="50% (2/4)"><conditions><condition number="0" type="jump" coverage="50%"/></conditions></line></lines></class></classes></package></packages></coverage>